<?xml version="1.0" encoding="UTF-8"?>
<testng-results total="1" passed="1" failed="0" skipped="0">
  <reporter-output>
  </reporter-output>
  <suite started-at="2023-01-21T14:15:42Z" name="Default suite" finished-at="2023-01-21T14:15:42Z" duration-ms="47">
    <groups>
    </groups>
    <test started-at="2023-01-21T14:15:42Z" name="Default test" finished-at="2023-01-21T14:15:42Z" duration-ms="47">
      <class name="streamss.streamss.tryo">
        <test-method signature="adlo()[pri:0, instance:streamss.streamss.tryo@51133c06]" started-at="2023-01-21T19:45:42Z" name="adlo" finished-at="2023-01-21T19:45:42Z" duration-ms="26" status="PASS">
          <reporter-output>
          </reporter-output>
        </test-method> <!-- adlo -->
      </class> <!-- streamss.streamss.tryo -->
    </test> <!-- Default test -->
  </suite> <!-- Default suite -->
</testng-results>
